<?xml version="1.0" encoding="UTF-8"?>
<testsuite name="com.demoqa.FirstJUnitTest" tests="2" skipped="0" failures="0" errors="0" timestamp="2025-09-04T10:44:04.076Z" hostname="KOMPUTER" time="0.035">
  <properties/>
  <testcase name="firstTest()" classname="com.demoqa.FirstJUnitTest" time="0.029"/>
  <testcase name="secondTest()" classname="com.demoqa.FirstJUnitTest" time="0.003"/>
  <system-out><![CDATA[ ##### @beforeAll
    ##### @beforeEach
        ##### @Test_firstTest
    ##### @AfterEach
    ##### @beforeEach
        ##### @Test_secondTest
    ##### @AfterEach
 ##### @afterAll
]]></system-out>
  <system-err><![CDATA[]]></system-err>
</testsuite>
